<?xml version="1.0" encoding="UTF-8"?>
<!-- Generated by org.testng.reporters.JUnitXMLReporter -->
<testsuite hostname="DESKTOP-UTHNJ9C" ignored="1" name="Default test" tests="1" failures="0" timestamp="15 Jul 2017 05:29:19 GMT" time="86.899" errors="0">
  <testcase name="getBagCount" time="37.29" classname="com.script.FindNoOfProducts"/>
  <testcase name="getNoOfProducts" time="0.0" classname="com.script.FindNoOfProducts">
    <ignored/>
  </testcase> <!-- getNoOfProducts -->
</testsuite> <!-- Default test -->
